Determining if the pthread_create exist failed with the following output:
Change Dir: /home/racecar/racecar-ws/build/CMakeFiles/CMakeTmp

Run Build Command:/usr/bin/make "cmTryCompileExec44774489/fast"
/usr/bin/make -f CMakeFiles/cmTryCompileExec44774489.dir/build.make CMakeFiles/cmTryCompileExec44774489.dir/build
make[1]: Entering directory `/home/racecar/racecar-ws/build/CMakeFiles/CMakeTmp'
/usr/bin/cmake -E cmake_progress_report /home/racecar/racecar-ws/build/CMakeFiles/CMakeTmp/CMakeFiles 1
Building C object CMakeFiles/cmTryCompileExec44774489.dir/CheckSymbolExists.c.o
/usr/bin/cc    -o CMakeFiles/cmTryCompileExec44774489.dir/CheckSymbolExists.c.o   -c /home/racecar/racecar-ws/build/CMakeFiles/CMakeTmp/CheckSymbolExists.c
Linking C executable cmTryCompileExec44774489
/usr/bin/cmake -E cmake_link_script CMakeFiles/cmTryCompileExec44774489.dir/link.txt --verbose=1
/usr/bin/cc       CMakeFiles/cmTryCompileExec44774489.dir/CheckSymbolExists.c.o  -o cmTryCompileExec44774489 -rdynamic 
CMakeFiles/cmTryCompileExec44774489.dir/CheckSymbolExists.c.o: In function `main':
CheckSymbolExists.c:(.text+0xa): undefined reference to `pthread_create'
collect2: error: ld returned 1 exit status
make[1]: Leaving directory `/home/racecar/racecar-ws/build/CMakeFiles/CMakeTmp'
make[1]: *** [cmTryCompileExec44774489] Error 1
make: *** [cmTryCompileExec44774489/fast] Error 2

File /home/racecar/racecar-ws/build/CMakeFiles/CMakeTmp/CheckSymbolExists.c:
/* */
#include <pthread.h>

int main(int argc, char** argv)
{
  (void)argv;
#ifndef pthread_create
  return ((int*)(&pthread_create))[argc];
#else
  (void)argc;
  return 0;
#endif
}

Determining if the function pthread_create exists in the pthreads failed with the following output:
Change Dir: /home/racecar/racecar-ws/build/CMakeFiles/CMakeTmp

Run Build Command:/usr/bin/make "cmTryCompileExec2367314539/fast"
/usr/bin/make -f CMakeFiles/cmTryCompileExec2367314539.dir/build.make CMakeFiles/cmTryCompileExec2367314539.dir/build
make[1]: Entering directory `/home/racecar/racecar-ws/build/CMakeFiles/CMakeTmp'
/usr/bin/cmake -E cmake_progress_report /home/racecar/racecar-ws/build/CMakeFiles/CMakeTmp/CMakeFiles 1
Building C object CMakeFiles/cmTryCompileExec2367314539.dir/CheckFunctionExists.c.o
/usr/bin/cc   -DCHECK_FUNCTION_EXISTS=pthread_create   -o CMakeFiles/cmTryCompileExec2367314539.dir/CheckFunctionExists.c.o   -c /usr/share/cmake-2.8/Modules/CheckFunctionExists.c
Linking C executable cmTryCompileExec2367314539
/usr/bin/cmake -E cmake_link_script CMakeFiles/cmTryCompileExec2367314539.dir/link.txt --verbose=1
/usr/bin/cc   -DCHECK_FUNCTION_EXISTS=pthread_create    CMakeFiles/cmTryCompileExec2367314539.dir/CheckFunctionExists.c.o  -o cmTryCompileExec2367314539 -rdynamic -lpthreads 
/usr/bin/ld: cannot find -lpthreads
collect2: error: ld returned 1 exit status
make[1]: Leaving directory `/home/racecar/racecar-ws/build/CMakeFiles/CMakeTmp'
make[1]: *** [cmTryCompileExec2367314539] Error 1
make: *** [cmTryCompileExec2367314539/fast] Error 2


